{
  "RSpec": {
    "coverage": {
      "/Users/randersondouglas/Projects/desafio-ruby-on-rails/cnae-reader/app/channels/application_cable/channel.rb": {
        "lines": [
          null,
          null,
          0,
          0,
          0,
          0
        ],
        "branches": {
        }
      },
      "/Users/randersondouglas/Projects/desafio-ruby-on-rails/cnae-reader/app/channels/application_cable/connection.rb": {
        "lines": [
          null,
          null,
          0,
          0,
          0,
          0
        ],
        "branches": {
        }
      },
      "/Users/randersondouglas/Projects/desafio-ruby-on-rails/cnae-reader/app/controllers/application_controller.rb": {
        "lines": [
          null,
          null,
          0,
          0
        ],
        "branches": {
        }
      },
      "/Users/randersondouglas/Projects/desafio-ruby-on-rails/cnae-reader/app/controllers/home_controller.rb": {
        "lines": [
          null,
          null,
          0,
          0,
          0,
          0,
          0,
          0,
          0,
          null,
          0,
          0,
          0,
          0,
          null,
          0,
          0,
          0,
          0,
          0,
          0,
          0,
          0,
          0,
          0,
          0,
          0,
          null,
          null,
          null,
          0,
          0
        ],
        "branches": {
        }
      },
      "/Users/randersondouglas/Projects/desafio-ruby-on-rails/cnae-reader/app/helpers/application_helper.rb": {
        "lines": [
          null,
          null,
          0,
          0
        ],
        "branches": {
        }
      },
      "/Users/randersondouglas/Projects/desafio-ruby-on-rails/cnae-reader/app/helpers/home_helper.rb": {
        "lines": [
          null,
          null,
          0,
          0
        ],
        "branches": {
        }
      },
      "/Users/randersondouglas/Projects/desafio-ruby-on-rails/cnae-reader/app/jobs/application_job.rb": {
        "lines": [
          null,
          null,
          0,
          null,
          null,
          null,
          null,
          null,
          0
        ],
        "branches": {
        }
      },
      "/Users/randersondouglas/Projects/desafio-ruby-on-rails/cnae-reader/app/mailers/application_mailer.rb": {
        "lines": [
          null,
          null,
          0,
          0,
          0,
          0
        ],
        "branches": {
        }
      },
      "/Users/randersondouglas/Projects/desafio-ruby-on-rails/cnae-reader/app/models/application_record.rb": {
        "lines": [
          null,
          null,
          0,
          0,
          0
        ],
        "branches": {
        }
      },
      "/Users/randersondouglas/Projects/desafio-ruby-on-rails/cnae-reader/app/models/home.rb": {
        "lines": [
          null,
          null,
          0,
          0
        ],
        "branches": {
        }
      },
      "/Users/randersondouglas/Projects/desafio-ruby-on-rails/cnae-reader/app/models/transaction.rb": {
        "lines": [
          null,
          null,
          0,
          0
        ],
        "branches": {
        }
      },
      "/Users/randersondouglas/Projects/desafio-ruby-on-rails/cnae-reader/app/services/application_service.rb": {
        "lines": [
          null,
          null,
          0,
          0,
          0,
          0,
          0
        ],
        "branches": {
        }
      },
      "/Users/randersondouglas/Projects/desafio-ruby-on-rails/cnae-reader/app/services/home_service.rb": {
        "lines": [
          null,
          null,
          0,
          null,
          null,
          0,
          0,
          0,
          null,
          0,
          0,
          0,
          null,
          0,
          0,
          null,
          0,
          null,
          0,
          0,
          0,
          0,
          0,
          0,
          0,
          0,
          0,
          0,
          null,
          0,
          null,
          0,
          0,
          0,
          0,
          0
        ],
        "branches": {
        }
      }
    },
    "timestamp": 1594141856
  }
}
